/*C2*/SET SCHEMA PUBLIC
DELETE FROM "mendixsystem$version" WHERE "versionnumber"='4.2'
INSERT INTO "mendixsystem$version" VALUES('4.2','2020-10-31 16:06:32.357000','4.0.0','unversioned','Kanban Board')
COMMIT
/*C3*/SET SCHEMA PUBLIC
DELETE FROM "mendixsystem$entityidentifier" WHERE "id"='d4154981-8dac-4150-aec5-efa3ef62a7a2'
INSERT INTO "mendixsystem$entityidentifier" VALUES('d4154981-8dac-4150-aec5-efa3ef62a7a2',2,3901)
COMMIT
INSERT INTO "system$xasinstance" VALUES(562949953425113,'c126fcd0-7f77-459d-9eda-cf6a9b00cd4a','2020-10-31 14:51:33.048000','2020-10-31 14:51:33.055000',NULL,NULL,NULL)
COMMIT
DELETE FROM "system$userrole" WHERE "id"=3096224743817217
INSERT INTO "system$userrole" VALUES(3096224743817217,'8dd52bfa-6d7e-453b-b506-303c0a3d9567','','Administrator')
DELETE FROM "system$userrole" WHERE "id"=3096224743817218
INSERT INTO "system$userrole" VALUES(3096224743817218,'53f5d6fa-6da9-4a71-b011-454ec052cce8','','User')
COMMIT
DELETE FROM "mendixsystem$properties" WHERE "key"='Mendix.Runtime.DeploymentID'
INSERT INTO "mendixsystem$properties" VALUES('Mendix.Runtime.DeploymentID','637397724843996148')
COMMIT
DELETE FROM "system$session" WHERE "id"=6473924464348689
DELETE FROM "system$session" WHERE "id"=6473924464348690
DELETE FROM "system$session_user" WHERE "system$sessionid"=6473924464348689 AND "system$userid"=281474976714257
DELETE FROM "system$session_user" WHERE "system$sessionid"=6473924464348690 AND "system$userid"=281474976714258
COMMIT
DELETE FROM "system$xasinstance" WHERE "id"=562949953425113
INSERT INTO "system$xasinstance" VALUES(562949953425113,'c126fcd0-7f77-459d-9eda-cf6a9b00cd4a','2020-10-31 14:51:33.048000','2020-10-31 14:51:34.533000',NULL,NULL,NULL)
COMMIT
/*C2*/DELETE FROM "mendixsystem$entityidentifier" WHERE "id"='282e2e60-88a5-469d-84a5-ba8d9151644f'
INSERT INTO "mendixsystem$entityidentifier" VALUES('282e2e60-88a5-469d-84a5-ba8d9151644f',1,3801)
COMMIT
INSERT INTO "system$user" VALUES(281474976714358,'2020-10-31 14:51:35.042000',TRUE,'2020-10-31 14:51:35.042000','2020-10-31 14:51:35.147000',FALSE,TRUE,0,FALSE,'Anonymous_b34b8a26-1cf6-4eea-8131-d7aa3b1a2ac5','{BCrypt}$2a$10$XRMtNmZtDuqBqqP87AHbv.KwuZoiS8sUh.OmMIya8TvCm2wkis5yq','System.User',NULL,281474976714358)
INSERT INTO "system$userroles" VALUES(281474976714358,3096224743817217)
INSERT INTO "system$user_language" VALUES(281474976714358,7318349394477057)
COMMIT
/*C3*/INSERT INTO "system$user" VALUES(281474976714357,'2020-10-31 14:51:35.042000',TRUE,'2020-10-31 14:51:35.042000','2020-10-31 14:51:35.150000',FALSE,TRUE,0,FALSE,'Anonymous_2a7fd5e6-3a75-49f9-9190-c8d058ef6d30','{BCrypt}$2a$10$n2t4HT6vbiolnvenHR/0Julu/l4hCXN0ID/HODlcWWDNURyNTPBZK','System.User',NULL,281474976714357)
INSERT INTO "system$userroles" VALUES(281474976714357,3096224743817217)
INSERT INTO "system$user_language" VALUES(281474976714357,7318349394477057)
COMMIT
DELETE FROM "system$user" WHERE "id"=281474976714358
INSERT INTO "system$user" VALUES(281474976714358,'2020-10-31 14:51:35.042000',TRUE,'2020-10-31 14:51:35.042000','2020-10-31 14:51:35.220000',FALSE,TRUE,0,FALSE,'Anonymous_b34b8a26-1cf6-4eea-8131-d7aa3b1a2ac5','{BCrypt}$2a$10$XRMtNmZtDuqBqqP87AHbv.KwuZoiS8sUh.OmMIya8TvCm2wkis5yq','System.User',NULL,281474976714358)
COMMIT
/*C2*/DELETE FROM "system$user" WHERE "id"=281474976714357
INSERT INTO "system$user" VALUES(281474976714357,'2020-10-31 14:51:35.042000',TRUE,'2020-10-31 14:51:35.042000','2020-10-31 14:51:35.220000',FALSE,TRUE,0,FALSE,'Anonymous_2a7fd5e6-3a75-49f9-9190-c8d058ef6d30','{BCrypt}$2a$10$n2t4HT6vbiolnvenHR/0Julu/l4hCXN0ID/HODlcWWDNURyNTPBZK','System.User',NULL,281474976714357)
COMMIT
DELETE FROM "mendixsystem$entityidentifier" WHERE "id"='37f9fd49-5318-4c63-9a51-f761779b202f'
INSERT INTO "mendixsystem$entityidentifier" VALUES('37f9fd49-5318-4c63-9a51-f761779b202f',23,3801)
COMMIT
/*C3*/INSERT INTO "system$session" VALUES(6473924464348790,'83edc60e-00c4-4f6b-9149-13a68409410c','2020-10-31 14:51:35.292000','46fe6dee-c068-4960-9092-2345e3684552','2020-10-31 14:51:35.292000','238e8a9d-b76e-4b0e-af59-0e296ec3158b')
INSERT INTO "system$session_user" VALUES(6473924464348790,281474976714357)
COMMIT
/*C4*/SET SCHEMA PUBLIC
INSERT INTO "system$session" VALUES(6473924464348789,'6d70a6c6-af88-48ad-a547-b4515ed0958a','2020-10-31 14:51:35.291000','a1362b27-f46b-4423-9fc6-1f8555a26492','2020-10-31 14:51:35.291000','92e6d51e-c220-49d6-b657-0bcfec11c0c9')
INSERT INTO "system$session_user" VALUES(6473924464348789,281474976714358)
COMMIT
